[LOG] System::create                           : Header version = 2.00.08. Current version = 2.00.08.
[LOG] Manager::init                            : maxchannels = 256 studioflags = 00000006 flags 00000000 extradriverdata 0000000000000000.
[LOG] SystemI::init                            : Initialize version=20008 (108014), maxchannels=256, flags=0x00020000
[LOG] SystemI::setOutputInternal               : Setting output to 'FMOD WASAPI Output'
[LOG] OutputWASAPI::init                       : Mix Format (WAVEFORMATEX): wFormatTag=0xFFFE, nChannels=2, nSamplesPerSec=48000, nAvgBytesPerSec=384000, nBlockAlign=8, wBitsPerSample=32, cbSize=22.
[LOG] OutputWASAPI::init                       : Mix Format (WAVEFORMATEXTENSIBLE): wValidBitsPerSample=32, dwChannelMask=0x00000003, SubFormat=00000003-0000-0010-8000-00AA00389B71.
[LOG] OutputWASAPI::init                       : Output buffer size: 4096 samples, latency: 0.00ms, period: 10.00ms, DSP buffer: 1024 * 4
[LOG] Thread::initThread                       : Init FMOD stream thread. Priority: 2, Stack Size: 98304, Semaphore: No, Sleep Time: 10, Looping: Yes.
[LOG] Thread::initThread                       : Init FMOD mixer thread. Priority: 3, Stack Size: 81920, Semaphore: No, Sleep Time: 0, Looping: Yes.
[LOG] AsyncManager::init                       : manager 000002333395F958 isAsync 0 updatePeriod 0.02
[LOG] AsyncManager::init                       : done
[LOG] PlaybackSystem::init                     : 
[LOG] Thread::initThread                       : Init FMOD Studio sample load thread. Priority: 0, Stack Size: 98304, Semaphore: No, Sleep Time: 1, Looping: No.
[LOG] PlaybackSystem::init                     : done
[LOG] Thread::initThread                       : Init FMOD Studio bank load thread. Priority: 0, Stack Size: 98304, Semaphore: No, Sleep Time: 1, Looping: No.
[LOG] Manager::init                            : done.
[LOG] Manager::readBank                        : fileversion = 125, compatVersion = 119 (oldest = 44, newest = 125)
[LOG] SystemI::createSound                     : filename = ..\FMOD_LD47\FMOD_LD_47\Build\Desktop/Master.bank : mode 02010082
[LOG] SystemI::createSound                     : FMOD_NONBLOCKING specified.  Putting into queue to be opened asynchronously!
[LOG] SystemI::createSound                     : setdata soundi = 000002333393D398 : node = 000002333710A300
[LOG] SystemI::createSound                     : add node to async list : head = 00000232BF1EB368.  list count = 0
[LOG] AsyncThread::threadFunc                  : Starting Asynchronous operation on sound 000002333393D398
[LOG] SystemI::createSoundInternal             :     Create name='..\FMOD_LD47\FMOD_LD_47\Build\Desktop/Master.bank', mode=0x02010082
[LOG] SystemI::createSoundInternal             :     exinfo->cbsize             = 224
[LOG] SystemI::createSoundInternal             :     exinfo->length             = 16394464
[LOG] SystemI::createSoundInternal             :     exinfo->fileoffset         = 56704
[LOG] SystemI::createSoundInternal             :     exinfo->numsubsounds       = 1
[LOG] SystemI::createSoundInternal             :     exinfo->inclusionlist      = 000002333710A410
[LOG] SystemI::createSoundInternal             :     exinfo->inclusionlistnum   = 1
[LOG] SystemI::createSoundInternal             :     exinfo->suggestedsoundtype = 5
[LOG] SystemI::createSoundInternal             :     exinfo->initialseekpostype = 1
[LOG] SystemI::createSoundInternal             :     Stream 0/1: name='laser_boucle_01', format=2, channels=2, frequency=48000, lengthbytes=153760, lengthpcm=672000, pcmblocksize=0, loopstart=0, loopend=0, mode=0x00000000, channelmask=0x00000000, channelorder=0, peakvolume=0.058124.
[LOG] AsyncThread::threadFunc                  : Finished Asynchronous operation on sound 000002333393D398
[LOG] SoundI::getSubSound                      : sound 000002333393D398.  Subsound index 0 / 1
[LOG] AsyncThread::threadFunc                  : Starting Asynchronous operation on sound 00000232E28AD718
[LOG] AsyncThread::threadFunc                  : Finished Asynchronous operation on sound 00000232E28AD718
[LOG] SystemI::createSound                     : filename = ..\FMOD_LD47\FMOD_LD_47\Build\Desktop/Master.bank : mode 02010082
[LOG] SystemI::createSound                     : FMOD_NONBLOCKING specified.  Putting into queue to be opened asynchronously!
[LOG] SystemI::createSound                     : setdata soundi = 00000232B72D9CA8 : node = 0000023257D446E0
[LOG] SystemI::createSound                     : add node to async list : head = 00000232BF1EB368.  list count = 0
[LOG] AsyncThread::threadFunc                  : Starting Asynchronous operation on sound 00000232B72D9CA8
[LOG] SystemI::createSoundInternal             :     Create name='..\FMOD_LD47\FMOD_LD_47\Build\Desktop/Master.bank', mode=0x02010082
[LOG] SystemI::createSoundInternal             :     exinfo->cbsize             = 224
[LOG] SystemI::createSoundInternal             :     exinfo->length             = 16394464
[LOG] SystemI::createSoundInternal             :     exinfo->fileoffset         = 56704
[LOG] SystemI::createSoundInternal             :     exinfo->numsubsounds       = 1
[LOG] SystemI::createSoundInternal             :     exinfo->inclusionlist      = 0000023257D447F0
[LOG] SystemI::createSoundInternal             :     exinfo->inclusionlistnum   = 1
[LOG] SystemI::createSoundInternal             :     exinfo->suggestedsoundtype = 5
[LOG] SystemI::createSoundInternal             :     exinfo->initialseekpostype = 1
[LOG] SystemI::createSoundInternal             :     Stream 0/1: name='laser_boucle_01', format=2, channels=2, frequency=48000, lengthbytes=153760, lengthpcm=672000, pcmblocksize=0, loopstart=0, loopend=0, mode=0x00000000, channelmask=0x00000000, channelorder=0, peakvolume=0.058124.
[LOG] SystemI::createSoundInternal             :     Create name='', mode=0x02000202
[LOG] SystemI::createSoundInternal             :     exinfo->cbsize             = 224
[LOG] SystemI::createSoundInternal             :     exinfo->length             = 16394464
[LOG] SystemI::createSoundInternal             :     exinfo->fileoffset         = 56704
[LOG] SystemI::createSoundInternal             :     exinfo->numsubsounds       = 1
[LOG] SystemI::createSoundInternal             :     exinfo->inclusionlist      = 000000E15604F54C
[LOG] SystemI::createSoundInternal             :     exinfo->inclusionlistnum   = 1
[LOG] SystemI::createSoundInternal             :     exinfo->suggestedsoundtype = 5
[LOG] SystemI::createSoundInternal             :     exinfo->useropen           = 00007FFB5BD4C320
[LOG] SystemI::createSoundInternal             :     exinfo->userclose          = 00007FFB5BD4C2F0
[LOG] SystemI::createSoundInternal             :     exinfo->userread           = 00007FFB5BD4C3F0
[LOG] SystemI::createSoundInternal             :     exinfo->userseek           = 00007FFB5BD4C4B0
[LOG] SystemI::createSoundInternal             :     exinfo->fileuserdata       = 0000023335B93FC8
[LOG] SystemI::createSoundInternal             :     exinfo->initialseekpostype = 1
[LOG] SystemI::DSPCodecPoolRegister            :     register codec pool for pool type 5
[LOG] SystemI::createSoundInternal             :     Sample 0/1: name='Explosion_Tourelle', format=2, channels=2, frequency=48000, lengthbytes=90560, lengthpcm=406727, pcmblocksize=0, loopstart=0, loopend=0, mode=0x00000000, channelmask=0x00000000, channelorder=0, peakvolume=0.845001.
[LOG] AsyncThread::threadFunc                  : Finished Asynchronous operation on sound 00000232B72D9CA8
[LOG] SoundI::getSubSound                      : sound 00000232B72D9CA8.  Subsound index 0 / 1
[LOG] Manager::readBank                        : fileversion = 125, compatVersion = 119 (oldest = 44, newest = 125)
[LOG] AsyncThread::threadFunc                  : Starting Asynchronous operation on sound 00000232EA79F848
[LOG] AsyncThread::threadFunc                  : Finished Asynchronous operation on sound 00000232EA79F848
[LOG] SoundI::release                          : laser_boucle_01 (000002333393D398)
[LOG] SoundI::release                          :     laser_boucle_01 (00000232BF1ECA78)
[LOG] SoundI::release                          :     laser_boucle_01 (00000232E28AD718)
[LOG] SystemI::createSound                     : filename = ..\FMOD_LD47\FMOD_LD_47\Build\Desktop/Master.bank : mode 02010082
[LOG] SystemI::createSound                     : FMOD_NONBLOCKING specified.  Putting into queue to be opened asynchronously!
[LOG] SystemI::createSound                     : setdata soundi = 00000233346B6C78 : node = 000002333780FDA0
[LOG] SystemI::createSound                     : add node to async list : head = 00000232BF1EB368.  list count = 0
[LOG] AsyncThread::threadFunc                  : Starting Asynchronous operation on sound 00000233346B6C78
[LOG] SystemI::createSoundInternal             :     Create name='..\FMOD_LD47\FMOD_LD_47\Build\Desktop/Master.bank', mode=0x02010082
[LOG] SystemI::createSoundInternal             :     exinfo->cbsize             = 224
[LOG] SystemI::createSoundInternal             :     exinfo->length             = 16394464
[LOG] SystemI::createSoundInternal             :     exinfo->fileoffset         = 56704
[LOG] SystemI::createSoundInternal             :     exinfo->numsubsounds       = 1
[LOG] SystemI::createSoundInternal             :     exinfo->inclusionlist      = 000002333780FEB0
[LOG] SystemI::createSoundInternal             :     exinfo->inclusionlistnum   = 1
[LOG] SystemI::createSoundInternal             :     exinfo->suggestedsoundtype = 5
[LOG] SystemI::createSoundInternal             :     exinfo->initialseekpostype = 1
[LOG] SystemI::createSoundInternal             :     Stream 0/1: name='laser_boucle_01', format=2, channels=2, frequency=48000, lengthbytes=153760, lengthpcm=672000, pcmblocksize=0, loopstart=0, loopend=0, mode=0x00000000, channelmask=0x00000000, channelorder=0, peakvolume=0.058124.
[LOG] AsyncThread::threadFunc                  : Finished Asynchronous operation on sound 00000233346B6C78
[LOG] SoundI::getSubSound                      : sound 00000233346B6C78.  Subsound index 0 / 1
[LOG] Manager::readBank                        : fileversion = 125, compatVersion = 119 (oldest = 44, newest = 125)
[LOG] AsyncThread::threadFunc                  : Starting Asynchronous operation on sound 00000232E28AD718
[LOG] AsyncThread::threadFunc                  : Finished Asynchronous operation on sound 00000232E28AD718
[LOG] SoundI::release                          : laser_boucle_01 (00000232B72D9CA8)
[LOG] SoundI::release                          :     laser_boucle_01 (00000232BF1E7938)
[LOG] SoundI::release                          :     laser_boucle_01 (00000232EA79F848)
[LOG] SystemI::createSound                     : filename = ..\FMOD_LD47\FMOD_LD_47\Build\Desktop/Master.bank : mode 02010082
[LOG] SystemI::createSound                     : FMOD_NONBLOCKING specified.  Putting into queue to be opened asynchronously!
[LOG] SystemI::createSound                     : setdata soundi = 000002333393D398 : node = 000002333710A300
[LOG] SystemI::createSound                     : add node to async list : head = 00000232BF1EB368.  list count = 0
[LOG] AsyncThread::threadFunc                  : Starting Asynchronous operation on sound 000002333393D398
[LOG] SystemI::createSound                     :     filename = ..\FMOD_LD47\FMOD_LD_47\Build\Desktop/Master.bank : mode 02010082
[LOG] SystemI::createSoundInternal             :     Create name='..\FMOD_LD47\FMOD_LD_47\Build\Desktop/Master.bank', mode=0x02010082
[LOG] SystemI::createSound                     :     FMOD_NONBLOCKING specified.  Putting into queue to be opened asynchronously!
[LOG] SystemI::createSoundInternal             :     exinfo->cbsize             = 224
[LOG] SystemI::createSoundInternal             :     exinfo->length             = 16394464
[LOG] SystemI::createSound                     :     setdata soundi = 00000232EAB0B6B8 : node = 000002333710A6C0
[LOG] SystemI::createSoundInternal             :     exinfo->fileoffset         = 56704
[LOG] SystemI::createSound                     :     add node to async list : head = 00000232BF1EB368.  list count = 0
[LOG] SystemI::createSoundInternal             :     exinfo->numsubsounds       = 1
[LOG] SystemI::createSoundInternal             :     exinfo->inclusionlist      = 000002333710A410
[LOG] SystemI::createSoundInternal             :     exinfo->inclusionlistnum   = 1
[LOG] SystemI::createSoundInternal             :     exinfo->suggestedsoundtype = 5
[LOG] SystemI::createSoundInternal             :     exinfo->initialseekpostype = 1
[LOG] SystemI::createSoundInternal             :     Stream 0/1: name='laser_boucle_01', format=2, channels=2, frequency=48000, lengthbytes=153760, lengthpcm=672000, pcmblocksize=0, loopstart=0, loopend=0, mode=0x00000000, channelmask=0x00000000, channelorder=0, peakvolume=0.058124.
[LOG] AsyncThread::threadFunc                  : Finished Asynchronous operation on sound 000002333393D398
[LOG] AsyncThread::threadFunc                  : Starting Asynchronous operation on sound 00000232EAB0B6B8
[LOG] SystemI::createSoundInternal             :     Create name='..\FMOD_LD47\FMOD_LD_47\Build\Desktop/Master.bank', mode=0x02010082
[LOG] SystemI::createSoundInternal             :     exinfo->cbsize             = 224
[LOG] SystemI::createSoundInternal             :     exinfo->length             = 16394464
[LOG] SystemI::createSoundInternal             :     exinfo->fileoffset         = 56704
[LOG] SystemI::createSoundInternal             :     exinfo->numsubsounds       = 1
[LOG] SystemI::createSoundInternal             :     exinfo->inclusionlist      = 000002333710A7D0
[LOG] SystemI::createSoundInternal             :     exinfo->inclusionlistnum   = 1
[LOG] SystemI::createSoundInternal             :     exinfo->suggestedsoundtype = 5
[LOG] SystemI::createSoundInternal             :     exinfo->initialseekpostype = 1
[LOG] SystemI::createSoundInternal             :     Stream 0/1: name='laser_boucle_01', format=2, channels=2, frequency=48000, lengthbytes=153760, lengthpcm=672000, pcmblocksize=0, loopstart=0, loopend=0, mode=0x00000000, channelmask=0x00000000, channelorder=0, peakvolume=0.058124.
[LOG] AsyncThread::threadFunc                  : Finished Asynchronous operation on sound 00000232EAB0B6B8
[LOG] SoundI::getSubSound                      : sound 000002333393D398.  Subsound index 0 / 1
[LOG] SoundI::getSubSound                      : sound 00000232EAB0B6B8.  Subsound index 0 / 1
[LOG] SoundI::release                          : laser_boucle_01 (000002333393D1E8)
[LOG] SoundI::release                          :     laser_boucle_01 (00000232BF1E9B58)
[LOG] SoundI::release                          :     laser_boucle_01 (00000232B5E8DDE8)
[LOG] SoundI::release                          : laser_boucle_01 (000002333393D038)
[LOG] SoundI::release                          :     laser_boucle_01 (00000232BF1EBBD8)
[LOG] SoundI::release                          :     laser_boucle_01 (00000232B5E8EB68)
[LOG] SystemI::createSound                     : filename = ..\FMOD_LD47\FMOD_LD_47\Build\Desktop/Master.bank : mode 02010082
[LOG] SystemI::createSound                     : FMOD_NONBLOCKING specified.  Putting into queue to be opened asynchronously!
[LOG] SystemI::createSound                     : setdata soundi = 00000232EAB0BF28 : node = 000002333710A1C0
[LOG] SystemI::createSound                     : add node to async list : head = 00000232BF1EB368.  list count = 0
[LOG] AsyncThread::threadFunc                  : Starting Asynchronous operation on sound 00000232EAB0BF28
[LOG] SystemI::createSoundInternal             :     Create name='..\FMOD_LD47\FMOD_LD_47\Build\Desktop/Master.bank', mode=0x02010082
[LOG] SystemI::createSoundInternal             :     exinfo->cbsize             = 224
[LOG] SystemI::createSoundInternal             :     exinfo->length             = 16394464
[LOG] SystemI::createSoundInternal             :     exinfo->fileoffset         = 56704
[LOG] SystemI::createSoundInternal             :     exinfo->numsubsounds       = 1
[LOG] SystemI::createSoundInternal             :     exinfo->inclusionlist      = 000002333710A2D0
[LOG] SystemI::createSoundInternal             :     exinfo->inclusionlistnum   = 1
[LOG] SystemI::createSoundInternal             :     exinfo->suggestedsoundtype = 5
[LOG] SystemI::createSoundInternal             :     exinfo->initialseekpostype = 1
[LOG] SystemI::createSoundInternal             :     Stream 0/1: name='laser_boucle_01', format=2, channels=2, frequency=48000, lengthbytes=153760, lengthpcm=672000, pcmblocksize=0, loopstart=0, loopend=0, mode=0x00000000, channelmask=0x00000000, channelorder=0, peakvolume=0.058124.
[LOG] AsyncThread::threadFunc                  : Finished Asynchronous operation on sound 00000232EAB0BF28
[LOG] SoundI::getSubSound                      : sound 00000232EAB0BF28.  Subsound index 0 / 1
[LOG] AsyncThread::threadFunc                  : Starting Asynchronous operation on sound 00000232B5E8EB68
[LOG] AsyncThread::threadFunc                  : Finished Asynchronous operation on sound 00000232B5E8EB68
[LOG] Manager::readBank                        : fileversion = 125, compatVersion = 119 (oldest = 44, newest = 125)
[LOG] SoundI::release                          : laser_boucle_01 (00000233346B6C78)
[LOG] SoundI::release                          :     laser_boucle_01 (00000232BF1ECA78)
[LOG] SoundI::release                          :     laser_boucle_01 (00000232E28AD718)
[LOG] SystemI::createSound                     : filename = ..\FMOD_LD47\FMOD_LD_47\Build\Desktop/Master.bank : mode 02010082
[LOG] SystemI::createSound                     : FMOD_NONBLOCKING specified.  Putting into queue to be opened asynchronously!
[LOG] SystemI::createSound                     : setdata soundi = 00000232EAB0B868 : node = 000002333710A440
[LOG] SystemI::createSound                     : add node to async list : head = 00000232BF1EB368.  list count = 0
[LOG] AsyncThread::threadFunc                  : Starting Asynchronous operation on sound 00000232EAB0B868
[LOG] SystemI::createSoundInternal             :     Create name='..\FMOD_LD47\FMOD_LD_47\Build\Desktop/Master.bank', mode=0x02010082
[LOG] SystemI::createSoundInternal             :     exinfo->cbsize             = 224
[LOG] SystemI::createSoundInternal             :     exinfo->length             = 16394464
[LOG] SystemI::createSoundInternal             :     exinfo->fileoffset         = 56704
[LOG] SystemI::createSoundInternal             :     exinfo->numsubsounds       = 1
[LOG] SystemI::createSoundInternal             :     exinfo->inclusionlist      = 000002333710A550
[LOG] SystemI::createSoundInternal             :     exinfo->inclusionlistnum   = 1
[LOG] SystemI::createSoundInternal             :     exinfo->suggestedsoundtype = 5
[LOG] SystemI::createSoundInternal             :     exinfo->initialseekpostype = 1
[LOG] SystemI::createSoundInternal             :     Stream 0/1: name='laser_boucle_01', format=2, channels=2, frequency=48000, lengthbytes=153760, lengthpcm=672000, pcmblocksize=0, loopstart=0, loopend=0, mode=0x00000000, channelmask=0x00000000, channelorder=0, peakvolume=0.058124.
[LOG] AsyncThread::threadFunc                  : Finished Asynchronous operation on sound 00000232EAB0B868
[LOG] SoundI::getSubSound                      : sound 00000232EAB0B868.  Subsound index 0 / 1
[LOG] AsyncThread::threadFunc                  : Starting Asynchronous operation on sound 00000232B5E8E658
[LOG] AsyncThread::threadFunc                  : Finished Asynchronous operation on sound 00000232B5E8E658
[LOG] SoundI::release                          : laser_boucle_01 (00000232EAB0BF28)
[LOG] SoundI::release                          :     laser_boucle_01 (00000232BF1EBBD8)
[LOG] SoundI::release                          :     laser_boucle_01 (00000232B5E8EB68)
[LOG] Manager::readBank                        : fileversion = 125, compatVersion = 119 (oldest = 44, newest = 125)
[LOG] SystemI::createSound                     : filename = ..\FMOD_LD47\FMOD_LD_47\Build\Desktop/Master.bank : mode 02010082
[LOG] SystemI::createSound                     : FMOD_NONBLOCKING specified.  Putting into queue to be opened asynchronously!
[LOG] SystemI::createSound                     : setdata soundi = 00000232EAB0C288 : node = 000002333710A1C0
[LOG] SystemI::createSound                     : add node to async list : head = 00000232BF1EB368.  list count = 0
[LOG] AsyncThread::threadFunc                  : Starting Asynchronous operation on sound 00000232EAB0C288
[LOG] SystemI::createSoundInternal             :     Create name='..\FMOD_LD47\FMOD_LD_47\Build\Desktop/Master.bank', mode=0x02010082
[LOG] SystemI::createSoundInternal             :     exinfo->cbsize             = 224
[LOG] SystemI::createSoundInternal             :     exinfo->length             = 16394464
[LOG] SystemI::createSoundInternal             :     exinfo->fileoffset         = 56704
[LOG] SystemI::createSoundInternal             :     exinfo->numsubsounds       = 1
[LOG] SystemI::createSoundInternal             :     exinfo->inclusionlist      = 000002333710A2D0
[LOG] SystemI::createSoundInternal             :     exinfo->inclusionlistnum   = 1
[LOG] SystemI::createSoundInternal             :     exinfo->suggestedsoundtype = 5
[LOG] SystemI::createSoundInternal             :     exinfo->initialseekpostype = 1
[LOG] SystemI::createSoundInternal             :     Stream 0/1: name='laser_boucle_01', format=2, channels=2, frequency=48000, lengthbytes=153760, lengthpcm=672000, pcmblocksize=0, loopstart=0, loopend=0, mode=0x00000000, channelmask=0x00000000, channelorder=0, peakvolume=0.058124.
[LOG] AsyncThread::threadFunc                  : Finished Asynchronous operation on sound 00000232EAB0C288
[LOG] SoundI::getSubSound                      : sound 00000232EAB0C288.  Subsound index 0 / 1
[LOG] AsyncThread::threadFunc                  : Starting Asynchronous operation on sound 00000232B72D9CA8
[LOG] AsyncThread::threadFunc                  : Finished Asynchronous operation on sound 00000232B72D9CA8
[LOG] SoundI::release                          : laser_boucle_01 (00000232EAB0B868)
[LOG] SoundI::release                          :     laser_boucle_01 (00000232BF1E99B8)
[LOG] SoundI::release                          :     laser_boucle_01 (00000232B5E8E658)
[LOG] Manager::readBank                        : fileversion = 125, compatVersion = 119 (oldest = 44, newest = 125)
[LOG] SystemI::createSound                     : filename = ..\FMOD_LD47\FMOD_LD_47\Build\Desktop/Master.bank : mode 02010082
[LOG] SystemI::createSound                     : FMOD_NONBLOCKING specified.  Putting into queue to be opened asynchronously!
[LOG] SystemI::createSound                     : setdata soundi = 00000232EAB0BA18 : node = 000002333710A440
[LOG] SystemI::createSound                     : add node to async list : head = 00000232BF1EB368.  list count = 0
[LOG] AsyncThread::threadFunc                  : Starting Asynchronous operation on sound 00000232EAB0BA18
[LOG] SystemI::createSound                     :     filename = ..\FMOD_LD47\FMOD_LD_47\Build\Desktop/Master.bank : mode 02010082
[LOG] SystemI::createSoundInternal             :     Create name='..\FMOD_LD47\FMOD_LD_47\Build\Desktop/Master.bank', mode=0x02010082
[LOG] SystemI::createSound                     :     FMOD_NONBLOCKING specified.  Putting into queue to be opened asynchronously!
[LOG] SystemI::createSoundInternal             :     exinfo->cbsize             = 224
[LOG] SystemI::createSound                     :     setdata soundi = 00000232EAB0B508 : node = 000002333710A580
[LOG] SystemI::createSoundInternal             :     exinfo->length             = 16394464
[LOG] SystemI::createSound                     :     add node to async list : head = 00000232BF1EB368.  list count = 0
[LOG] SystemI::createSoundInternal             :     exinfo->fileoffset         = 56704
[LOG] SystemI::createSoundInternal             :     exinfo->numsubsounds       = 1
[LOG] SystemI::createSoundInternal             :     exinfo->inclusionlist      = 000002333710A550
[LOG] SystemI::createSoundInternal             :     exinfo->inclusionlistnum   = 1
[LOG] SystemI::createSoundInternal             :     exinfo->suggestedsoundtype = 5
[LOG] SystemI::createSoundInternal             :     exinfo->initialseekpostype = 1
[LOG] SystemI::createSoundInternal             :     Stream 0/1: name='laser_boucle_01', format=2, channels=2, frequency=48000, lengthbytes=153760, lengthpcm=672000, pcmblocksize=0, loopstart=0, loopend=0, mode=0x00000000, channelmask=0x00000000, channelorder=0, peakvolume=0.058124.
[LOG] AsyncThread::threadFunc                  : Finished Asynchronous operation on sound 00000232EAB0BA18
[LOG] AsyncThread::threadFunc                  : Starting Asynchronous operation on sound 00000232EAB0B508
[LOG] SystemI::createSoundInternal             :     Create name='..\FMOD_LD47\FMOD_LD_47\Build\Desktop/Master.bank', mode=0x02010082
[LOG] SystemI::createSoundInternal             :     exinfo->cbsize             = 224
[LOG] SystemI::createSoundInternal             :     exinfo->length             = 16394464
[LOG] SystemI::createSoundInternal             :     exinfo->fileoffset         = 56704
[LOG] SystemI::createSoundInternal             :     exinfo->numsubsounds       = 1
[LOG] SystemI::createSoundInternal             :     exinfo->inclusionlist      = 000002333710A690
[LOG] SystemI::createSoundInternal             :     exinfo->inclusionlistnum   = 1
[LOG] SystemI::createSoundInternal             :     exinfo->suggestedsoundtype = 5
[LOG] SystemI::createSoundInternal             :     exinfo->initialseekpostype = 1
[LOG] SystemI::createSoundInternal             :     Stream 0/1: name='laser_boucle_01', format=2, channels=2, frequency=48000, lengthbytes=153760, lengthpcm=672000, pcmblocksize=0, loopstart=0, loopend=0, mode=0x00000000, channelmask=0x00000000, channelorder=0, peakvolume=0.058124.
[LOG] AsyncThread::threadFunc                  : Finished Asynchronous operation on sound 00000232EAB0B508
[LOG] SoundI::getSubSound                      : sound 00000232EAB0BA18.  Subsound index 0 / 1
[LOG] SoundI::getSubSound                      : sound 00000232EAB0B508.  Subsound index 0 / 1
[LOG] SystemI::createSound                     : filename = ..\FMOD_LD47\FMOD_LD_47\Build\Desktop/Master.bank : mode 02010082
[LOG] SystemI::createSound                     : FMOD_NONBLOCKING specified.  Putting into queue to be opened asynchronously!
[LOG] SystemI::createSound                     : setdata soundi = 00000232EAB0BF28 : node = 00000233359AEC90
[LOG] SystemI::createSound                     : add node to async list : head = 00000232BF1EB368.  list count = 0
[LOG] AsyncThread::threadFunc                  : Starting Asynchronous operation on sound 00000232EAB0BF28
[LOG] SystemI::createSoundInternal             :     Create name='..\FMOD_LD47\FMOD_LD_47\Build\Desktop/Master.bank', mode=0x02010082
[LOG] SystemI::createSoundInternal             :     exinfo->cbsize             = 224
[LOG] SystemI::createSoundInternal             :     exinfo->length             = 16394464
[LOG] SystemI::createSoundInternal             :     exinfo->fileoffset         = 56704
[LOG] SystemI::createSoundInternal             :     exinfo->numsubsounds       = 1
[LOG] SystemI::createSoundInternal             :     exinfo->inclusionlist      = 00000233359AEDA0
[LOG] SystemI::createSoundInternal             :     exinfo->inclusionlistnum   = 1
[LOG] SystemI::createSoundInternal             :     exinfo->suggestedsoundtype = 5
[LOG] SystemI::createSoundInternal             :     exinfo->initialseekpostype = 1
[LOG] SystemI::createSoundInternal             :     Stream 0/1: name='laser_boucle_01', format=2, channels=2, frequency=48000, lengthbytes=153760, lengthpcm=672000, pcmblocksize=0, loopstart=0, loopend=0, mode=0x00000000, channelmask=0x00000000, channelorder=0, peakvolume=0.058124.
[LOG] AsyncThread::threadFunc                  : Finished Asynchronous operation on sound 00000232EAB0BF28
[LOG] SoundI::getSubSound                      : sound 00000232EAB0BF28.  Subsound index 0 / 1
[LOG] SoundI::release                          : laser_boucle_01 (00000232EAB0B6B8)
[LOG] SoundI::release                          :     laser_boucle_01 (00000232BF1E8158)
[LOG] SoundI::release                          :     laser_boucle_01 (00000232B5E8D8D8)
[LOG] SoundI::release                          : laser_boucle_01 (000002333393D398)
[LOG] SoundI::release                          :     laser_boucle_01 (00000232BF1E7938)
[LOG] SoundI::release                          :     laser_boucle_01 (00000232B5E8E2F8)
[LOG] AsyncThread::threadFunc                  : Starting Asynchronous operation on sound 00000233375DD748
[LOG] AsyncThread::threadFunc                  : Finished Asynchronous operation on sound 00000233375DD748
[LOG] SoundI::release                          : laser_boucle_01 (00000232EAB0C288)
[LOG] SoundI::release                          :     laser_boucle_01 (00000232BF1EBBD8)
[LOG] SoundI::release                          :     laser_boucle_01 (00000232B72D9CA8)
[LOG] Manager::readBank                        : fileversion = 125, compatVersion = 119 (oldest = 44, newest = 125)
[LOG] SystemI::createSound                     : filename = ..\FMOD_LD47\FMOD_LD_47\Build\Desktop/Master.bank : mode 02010082
[LOG] SystemI::createSound                     : FMOD_NONBLOCKING specified.  Putting into queue to be opened asynchronously!
[LOG] SystemI::createSound                     : setdata soundi = 00000232EAB0B868 : node = 00000233359AE8D0
[LOG] SystemI::createSound                     : add node to async list : head = 00000232BF1EB368.  list count = 0
[LOG] AsyncThread::threadFunc                  : Starting Asynchronous operation on sound 00000232EAB0B868
[LOG] SystemI::createSoundInternal             :     Create name='..\FMOD_LD47\FMOD_LD_47\Build\Desktop/Master.bank', mode=0x02010082
[LOG] SystemI::createSoundInternal             :     exinfo->cbsize             = 224
[LOG] SystemI::createSoundInternal             :     exinfo->length             = 16394464
[LOG] SystemI::createSoundInternal             :     exinfo->fileoffset         = 56704
[LOG] SystemI::createSoundInternal             :     exinfo->numsubsounds       = 1
[LOG] SystemI::createSoundInternal             :     exinfo->inclusionlist      = 00000233359AE9E0
[LOG] SystemI::createSoundInternal             :     exinfo->inclusionlistnum   = 1
[LOG] SystemI::createSoundInternal             :     exinfo->suggestedsoundtype = 5
[LOG] SystemI::createSoundInternal             :     exinfo->initialseekpostype = 1
[LOG] SystemI::createSoundInternal             :     Stream 0/1: name='laser_boucle_01', format=2, channels=2, frequency=48000, lengthbytes=153760, lengthpcm=672000, pcmblocksize=0, loopstart=0, loopend=0, mode=0x00000000, channelmask=0x00000000, channelorder=0, peakvolume=0.058124.
[LOG] AsyncThread::threadFunc                  : Finished Asynchronous operation on sound 00000232EAB0B868
[LOG] SoundI::getSubSound                      : sound 00000232EAB0B868.  Subsound index 0 / 1
[LOG] AsyncThread::threadFunc                  : Starting Asynchronous operation on sound 00000233375DD238
[LOG] AsyncThread::threadFunc                  : Finished Asynchronous operation on sound 00000233375DD238
[LOG] SoundI::release                          : laser_boucle_01 (00000232EAB0BF28)
[LOG] SoundI::release                          :     laser_boucle_01 (00000232BF1E9B58)
[LOG] SoundI::release                          :     laser_boucle_01 (00000233375DD748)
[LOG] Manager::readBank                        : fileversion = 125, compatVersion = 119 (oldest = 44, newest = 125)
[LOG] SystemI::createSound                     : filename = ..\FMOD_LD47\FMOD_LD_47\Build\Desktop/Master.bank : mode 02010082
[LOG] SystemI::createSound                     : FMOD_NONBLOCKING specified.  Putting into queue to be opened asynchronously!
[LOG] SystemI::createSound                     : setdata soundi = 00000232EAB0B6B8 : node = 00000233359AE790
[LOG] SystemI::createSound                     : add node to async list : head = 00000232BF1EB368.  list count = 0
[LOG] AsyncThread::threadFunc                  : Starting Asynchronous operation on sound 00000232EAB0B6B8
[LOG] SystemI::createSoundInternal             :     Create name='..\FMOD_LD47\FMOD_LD_47\Build\Desktop/Master.bank', mode=0x02010082
[LOG] SystemI::createSoundInternal             :     exinfo->cbsize             = 224
[LOG] SystemI::createSoundInternal             :     exinfo->length             = 16394464
[LOG] SystemI::createSoundInternal             :     exinfo->fileoffset         = 56704
[LOG] SystemI::createSoundInternal             :     exinfo->numsubsounds       = 1
[LOG] SystemI::createSoundInternal             :     exinfo->inclusionlist      = 00000233359AE8A0
[LOG] SystemI::createSoundInternal             :     exinfo->inclusionlistnum   = 1
[LOG] SystemI::createSoundInternal             :     exinfo->suggestedsoundtype = 5
[LOG] SystemI::createSoundInternal             :     exinfo->initialseekpostype = 1
[LOG] SystemI::createSoundInternal             :     Stream 0/1: name='laser_boucle_01', format=2, channels=2, frequency=48000, lengthbytes=153760, lengthpcm=672000, pcmblocksize=0, loopstart=0, loopend=0, mode=0x00000000, channelmask=0x00000000, channelorder=0, peakvolume=0.058124.
[LOG] AsyncThread::threadFunc                  : Finished Asynchronous operation on sound 00000232EAB0B6B8
[LOG] SoundI::getSubSound                      : sound 00000232EAB0B6B8.  Subsound index 0 / 1
[LOG] AsyncThread::threadFunc                  : Starting Asynchronous operation on sound 00000233375DDC58
[LOG] AsyncThread::threadFunc                  : Finished Asynchronous operation on sound 00000233375DDC58
[LOG] SoundI::release                          : laser_boucle_01 (00000232EAB0B868)
[LOG] SoundI::release                          :     laser_boucle_01 (00000232BF1E9E98)
[LOG] SoundI::release                          :     laser_boucle_01 (00000233375DD238)
[LOG] Manager::readBank                        : fileversion = 125, compatVersion = 119 (oldest = 44, newest = 125)
[LOG] SystemI::createSound                     : filename = ..\FMOD_LD47\FMOD_LD_47\Build\Desktop/Master.bank : mode 02010082
[LOG] SystemI::createSound                     : FMOD_NONBLOCKING specified.  Putting into queue to be opened asynchronously!
[LOG] SystemI::createSound                     : setdata soundi = 00000232EAB0C0D8 : node = 00000233359AE8D0
[LOG] SystemI::createSound                     : add node to async list : head = 00000232BF1EB368.  list count = 0
[LOG] AsyncThread::threadFunc                  : Starting Asynchronous operation on sound 00000232EAB0C0D8
[LOG] SystemI::createSoundInternal             :     Create name='..\FMOD_LD47\FMOD_LD_47\Build\Desktop/Master.bank', mode=0x02010082
[LOG] SystemI::createSoundInternal             :     exinfo->cbsize             = 224
[LOG] SystemI::createSoundInternal             :     exinfo->length             = 16394464
[LOG] SystemI::createSoundInternal             :     exinfo->fileoffset         = 56704
[LOG] SystemI::createSoundInternal             :     exinfo->numsubsounds       = 1
[LOG] SystemI::createSoundInternal             :     exinfo->inclusionlist      = 00000233359AE9E0
[LOG] SystemI::createSoundInternal             :     exinfo->inclusionlistnum   = 1
[LOG] SystemI::createSoundInternal             :     exinfo->suggestedsoundtype = 5
[LOG] SystemI::createSoundInternal             :     exinfo->initialseekpostype = 1
[LOG] SystemI::createSoundInternal             :     Stream 0/1: name='laser_boucle_01', format=2, channels=2, frequency=48000, lengthbytes=153760, lengthpcm=672000, pcmblocksize=0, loopstart=0, loopend=0, mode=0x00000000, channelmask=0x00000000, channelorder=0, peakvolume=0.058124.
[LOG] AsyncThread::threadFunc                  : Finished Asynchronous operation on sound 00000232EAB0C0D8
[LOG] SoundI::getSubSound                      : sound 00000232EAB0C0D8.  Subsound index 0 / 1
[LOG] SystemI::createSound                     : filename = ..\FMOD_LD47\FMOD_LD_47\Build\Desktop/Master.bank : mode 02010082
[LOG] SystemI::createSound                     : FMOD_NONBLOCKING specified.  Putting into queue to be opened asynchronously!
[LOG] SystemI::createSound                     : setdata soundi = 00000232EAB0BF28 : node = 00000233359AEC90
[LOG] SystemI::createSound                     : add node to async list : head = 00000232BF1EB368.  list count = 0
[LOG] AsyncThread::threadFunc                  : Starting Asynchronous operation on sound 00000232EAB0BF28
[LOG] SystemI::createSound                     : filename = ..\FMOD_LD47\FMOD_LD_47\Build\Desktop/Master.bank : mode 02010082
[LOG] SystemI::createSoundInternal             :     Create name='..\FMOD_LD47\FMOD_LD_47\Build\Desktop/Master.bank', mode=0x02010082
[LOG] SystemI::createSound                     :     FMOD_NONBLOCKING specified.  Putting into queue to be opened asynchronously!
[LOG] SystemI::createSoundInternal             :     exinfo->cbsize             = 224
[LOG] SystemI::createSound                     :     setdata soundi = 00000232EAB0C288 : node = 00000233359AEA10
[LOG] SystemI::createSoundInternal             :     exinfo->length             = 16394464
[LOG] SystemI::createSound                     :     add node to async list : head = 00000232BF1EB368.  list count = 0
[LOG] SystemI::createSoundInternal             :     exinfo->fileoffset         = 56704
[LOG] SystemI::createSoundInternal             :     exinfo->numsubsounds       = 1
[LOG] SystemI::createSoundInternal             :     exinfo->inclusionlist      = 00000233359AEDA0
[LOG] SystemI::createSoundInternal             :     exinfo->inclusionlistnum   = 1
[LOG] SystemI::createSoundInternal             :     exinfo->suggestedsoundtype = 5
[LOG] SystemI::createSoundInternal             :     exinfo->initialseekpostype = 1
[LOG] SystemI::createSoundInternal             :     Stream 0/1: name='laser_boucle_01', format=2, channels=2, frequency=48000, lengthbytes=153760, lengthpcm=672000, pcmblocksize=0, loopstart=0, loopend=0, mode=0x00000000, channelmask=0x00000000, channelorder=0, peakvolume=0.058124.
[LOG] AsyncThread::threadFunc                  : Finished Asynchronous operation on sound 00000232EAB0BF28
[LOG] AsyncThread::threadFunc                  : Starting Asynchronous operation on sound 00000232EAB0C288
[LOG] SystemI::createSoundInternal             :     Create name='..\FMOD_LD47\FMOD_LD_47\Build\Desktop/Master.bank', mode=0x02010082
[LOG] SystemI::createSoundInternal             :     exinfo->cbsize             = 224
[LOG] SystemI::createSoundInternal             :     exinfo->length             = 16394464
[LOG] SystemI::createSoundInternal             :     exinfo->fileoffset         = 56704
[LOG] SystemI::createSoundInternal             :     exinfo->numsubsounds       = 1
[LOG] SystemI::createSoundInternal             :     exinfo->inclusionlist      = 00000233359AEB20
[LOG] SystemI::createSoundInternal             :     exinfo->inclusionlistnum   = 1
[LOG] SystemI::createSoundInternal             :     exinfo->suggestedsoundtype = 5
[LOG] SystemI::createSoundInternal             :     exinfo->initialseekpostype = 1
[LOG] SystemI::createSoundInternal             :     Stream 0/1: name='laser_boucle_01', format=2, channels=2, frequency=48000, lengthbytes=153760, lengthpcm=672000, pcmblocksize=0, loopstart=0, loopend=0, mode=0x00000000, channelmask=0x00000000, channelorder=0, peakvolume=0.058124.
[LOG] AsyncThread::threadFunc                  : Finished Asynchronous operation on sound 00000232EAB0C288
[LOG] SoundI::getSubSound                      : sound 00000232EAB0BF28.  Subsound index 0 / 1
[LOG] SoundI::getSubSound                      : sound 00000232EAB0C288.  Subsound index 0 / 1
[LOG] SoundI::release                          : laser_boucle_01 (00000232EAB0B508)
[LOG] SoundI::release                          :     laser_boucle_01 (00000232BF1E99B8)
[LOG] SoundI::release                          :     laser_boucle_01 (00000232B6E6B598)
[LOG] SoundI::release                          : laser_boucle_01 (00000232EAB0BA18)
[LOG] SoundI::release                          :     laser_boucle_01 (00000232BF1E82F8)
[LOG] SoundI::release                          :     laser_boucle_01 (00000232B6E6B088)
[LOG] AsyncThread::threadFunc                  : Starting Asynchronous operation on sound 00000233375DD748
[LOG] AsyncThread::threadFunc                  : Finished Asynchronous operation on sound 00000233375DD748
[LOG] SoundI::release                          : laser_boucle_01 (00000232EAB0B6B8)
[LOG] SoundI::release                          :     laser_boucle_01 (00000232BF1EBBD8)
[LOG] SoundI::release                          :     laser_boucle_01 (00000233375DDC58)
[LOG] Manager::readBank                        : fileversion = 125, compatVersion = 119 (oldest = 44, newest = 125)
[LOG] SystemI::createSound                     : filename = ..\FMOD_LD47\FMOD_LD_47\Build\Desktop/Master.bank : mode 02010082
[LOG] SystemI::createSound                     : FMOD_NONBLOCKING specified.  Putting into queue to be opened asynchronously!
[LOG] SystemI::createSound                     : setdata soundi = 00000232EA79F848 : node = 00000232B7E47E40
[LOG] SystemI::createSound                     : add node to async list : head = 00000232BF1EB368.  list count = 0
[LOG] AsyncThread::threadFunc                  : Starting Asynchronous operation on sound 00000232EA79F848
[LOG] SystemI::createSoundInternal             :     Create name='..\FMOD_LD47\FMOD_LD_47\Build\Desktop/Master.bank', mode=0x02010082
[LOG] SystemI::createSoundInternal             :     exinfo->cbsize             = 224
[LOG] SystemI::createSoundInternal             :     exinfo->length             = 16394464
[LOG] SystemI::createSoundInternal             :     exinfo->fileoffset         = 56704
[LOG] SystemI::createSoundInternal             :     exinfo->numsubsounds       = 1
[LOG] SystemI::createSoundInternal             :     exinfo->inclusionlist      = 00000232B7E47F50
[LOG] SystemI::createSoundInternal             :     exinfo->inclusionlistnum   = 1
[LOG] SystemI::createSoundInternal             :     exinfo->suggestedsoundtype = 5
[LOG] SystemI::createSoundInternal             :     exinfo->initialseekpostype = 1
[LOG] SystemI::createSoundInternal             :     Stream 0/1: name='laser_boucle_01', format=2, channels=2, frequency=48000, lengthbytes=153760, lengthpcm=672000, pcmblocksize=0, loopstart=0, loopend=0, mode=0x00000000, channelmask=0x00000000, channelorder=0, peakvolume=0.058124.
[LOG] AsyncThread::threadFunc                  : Finished Asynchronous operation on sound 00000232EA79F848
[LOG] SoundI::getSubSound                      : sound 00000232EA79F848.  Subsound index 0 / 1
[LOG] AsyncThread::threadFunc                  : Starting Asynchronous operation on sound 00000232B72D90D8
[LOG] AsyncThread::threadFunc                  : Finished Asynchronous operation on sound 00000232B72D90D8
[LOG] SoundI::release                          : laser_boucle_01 (00000232EAB0C0D8)
[LOG] SoundI::release                          :     laser_boucle_01 (00000232BF1E9B58)
[LOG] SoundI::release                          :     laser_boucle_01 (00000233375DD748)
[LOG] Manager::readBank                        : fileversion = 125, compatVersion = 119 (oldest = 44, newest = 125)
[LOG] SystemI::createSound                     : filename = ..\FMOD_LD47\FMOD_LD_47\Build\Desktop/Master.bank : mode 02010082
[LOG] SystemI::createSound                     : FMOD_NONBLOCKING specified.  Putting into queue to be opened asynchronously!
[LOG] SystemI::createSound                     : setdata soundi = 00000232EAB0BA18 : node = 00000233359AF050
[LOG] SystemI::createSound                     : add node to async list : head = 00000232BF1EB368.  list count = 0
[LOG] AsyncThread::threadFunc                  : Starting Asynchronous operation on sound 00000232EAB0BA18
[LOG] SystemI::createSoundInternal             :     Create name='..\FMOD_LD47\FMOD_LD_47\Build\Desktop/Master.bank', mode=0x02010082
[LOG] SystemI::createSoundInternal             :     exinfo->cbsize             = 224
[LOG] SystemI::createSoundInternal             :     exinfo->length             = 16394464
[LOG] SystemI::createSoundInternal             :     exinfo->fileoffset         = 56704
[LOG] SystemI::createSoundInternal             :     exinfo->numsubsounds       = 1
[LOG] SystemI::createSoundInternal             :     exinfo->inclusionlist      = 00000233359AF160
[LOG] SystemI::createSoundInternal             :     exinfo->inclusionlistnum   = 1
[LOG] SystemI::createSoundInternal             :     exinfo->suggestedsoundtype = 5
[LOG] SystemI::createSoundInternal             :     exinfo->initialseekpostype = 1
[LOG] SystemI::createSoundInternal             :     Stream 0/1: name='laser_boucle_01', format=2, channels=2, frequency=48000, lengthbytes=153760, lengthpcm=672000, pcmblocksize=0, loopstart=0, loopend=0, mode=0x00000000, channelmask=0x00000000, channelorder=0, peakvolume=0.058124.
[LOG] AsyncThread::threadFunc                  : Finished Asynchronous operation on sound 00000232EAB0BA18
[LOG] SoundI::getSubSound                      : sound 00000232EAB0BA18.  Subsound index 0 / 1
[LOG] AsyncThread::threadFunc                  : Starting Asynchronous operation on sound 00000232B65B3AA8
[LOG] AsyncThread::threadFunc                  : Finished Asynchronous operation on sound 00000232B65B3AA8
[LOG] SoundI::release                          : laser_boucle_01 (00000232EA79F848)
[LOG] SoundI::release                          :     laser_boucle_01 (00000232BF1E99B8)
[LOG] SoundI::release                          :     laser_boucle_01 (00000232B72D90D8)
[LOG] SystemI::createSound                     : filename = ..\FMOD_LD47\FMOD_LD_47\Build\Desktop/Master.bank : mode 02010082
[LOG] SystemI::createSound                     : FMOD_NONBLOCKING specified.  Putting into queue to be opened asynchronously!
[LOG] SystemI::createSound                     : setdata soundi = 00000232EAB0C0D8 : node = 00000233359AE8D0
[LOG] SystemI::createSound                     : add node to async list : head = 00000232BF1EB368.  list count = 0
[LOG] AsyncThread::threadFunc                  : Starting Asynchronous operation on sound 00000232EAB0C0D8
[LOG] SystemI::createSoundInternal             :     Create name='..\FMOD_LD47\FMOD_LD_47\Build\Desktop/Master.bank', mode=0x02010082
[LOG] SystemI::createSoundInternal             :     exinfo->cbsize             = 224
[LOG] SystemI::createSoundInternal             :     exinfo->length             = 16394464
[LOG] SystemI::createSoundInternal             :     exinfo->fileoffset         = 56704
[LOG] SystemI::createSoundInternal             :     exinfo->numsubsounds       = 1
[LOG] SystemI::createSoundInternal             :     exinfo->inclusionlist      = 00000233359AE9E0
[LOG] SystemI::createSoundInternal             :     exinfo->inclusionlistnum   = 1
[LOG] SystemI::createSoundInternal             :     exinfo->suggestedsoundtype = 5
[LOG] SystemI::createSoundInternal             :     exinfo->initialseekpostype = 1
[LOG] SystemI::createSoundInternal             :     Stream 0/1: name='laser_boucle_01', format=2, channels=2, frequency=48000, lengthbytes=153760, lengthpcm=672000, pcmblocksize=0, loopstart=0, loopend=0, mode=0x00000000, channelmask=0x00000000, channelorder=0, peakvolume=0.058124.
[LOG] AsyncThread::threadFunc                  : Finished Asynchronous operation on sound 00000232EAB0C0D8
[LOG] SoundI::getSubSound                      : sound 00000232EAB0C0D8.  Subsound index 0 / 1
[LOG] Manager::readBank                        : fileversion = 125, compatVersion = 119 (oldest = 44, newest = 125)
[LOG] SystemI::createSound                     : filename = ..\FMOD_LD47\FMOD_LD_47\Build\Desktop/Master.bank : mode 02010082
[LOG] SystemI::createSound                     : FMOD_NONBLOCKING specified.  Putting into queue to be opened asynchronously!
[LOG] SystemI::createSound                     : setdata soundi = 00000232EAB0B868 : node = 00000233359AE3D0
[LOG] SystemI::createSound                     : add node to async list : head = 00000232BF1EB368.  list count = 0
[LOG] AsyncThread::threadFunc                  : Starting Asynchronous operation on sound 00000232EAB0B868
[LOG] SystemI::createSound                     : filename = ..\FMOD_LD47\FMOD_LD_47\Build\Desktop/Master.bank : mode 02010082
[LOG] SystemI::createSoundInternal             :     Create name='..\FMOD_LD47\FMOD_LD_47\Build\Desktop/Master.bank', mode=0x02010082
[LOG] SystemI::createSound                     :     FMOD_NONBLOCKING specified.  Putting into queue to be opened asynchronously!
[LOG] SystemI::createSoundInternal             :     exinfo->cbsize             = 224
[LOG] SystemI::createSound                     :     setdata soundi = 00000232EAB0B508 : node = 00000233359AEB50
[LOG] SystemI::createSoundInternal             :     exinfo->length             = 16394464
[LOG] SystemI::createSound                     :     add node to async list : head = 00000232BF1EB368.  list count = 0
[LOG] SystemI::createSoundInternal             :     exinfo->fileoffset         = 56704
[LOG] SystemI::createSoundInternal             :     exinfo->numsubsounds       = 1
[LOG] SystemI::createSoundInternal             :     exinfo->inclusionlist      = 00000233359AE4E0
[LOG] SystemI::createSoundInternal             :     exinfo->inclusionlistnum   = 1
[LOG] SystemI::createSoundInternal             :     exinfo->suggestedsoundtype = 5
[LOG] SystemI::createSoundInternal             :     exinfo->initialseekpostype = 1
[LOG] SystemI::createSoundInternal             :     Stream 0/1: name='laser_boucle_01', format=2, channels=2, frequency=48000, lengthbytes=153760, lengthpcm=672000, pcmblocksize=0, loopstart=0, loopend=0, mode=0x00000000, channelmask=0x00000000, channelorder=0, peakvolume=0.058124.
[LOG] AsyncThread::threadFunc                  : Finished Asynchronous operation on sound 00000232EAB0B868
[LOG] AsyncThread::threadFunc                  : Starting Asynchronous operation on sound 00000232EAB0B508
[LOG] SystemI::createSoundInternal             :     Create name='..\FMOD_LD47\FMOD_LD_47\Build\Desktop/Master.bank', mode=0x02010082
[LOG] SystemI::createSoundInternal             :     exinfo->cbsize             = 224
[LOG] SystemI::createSoundInternal             :     exinfo->length             = 16394464
[LOG] SystemI::createSoundInternal             :     exinfo->fileoffset         = 56704
[LOG] SystemI::createSoundInternal             :     exinfo->numsubsounds       = 1
[LOG] SystemI::createSoundInternal             :     exinfo->inclusionlist      = 00000233359AEC60
[LOG] SystemI::createSoundInternal             :     exinfo->inclusionlistnum   = 1
[LOG] SystemI::createSoundInternal             :     exinfo->suggestedsoundtype = 5
[LOG] SystemI::createSoundInternal             :     exinfo->initialseekpostype = 1
[LOG] SystemI::createSoundInternal             :     Stream 0/1: name='laser_boucle_01', format=2, channels=2, frequency=48000, lengthbytes=153760, lengthpcm=672000, pcmblocksize=0, loopstart=0, loopend=0, mode=0x00000000, channelmask=0x00000000, channelorder=0, peakvolume=0.058124.
[LOG] AsyncThread::threadFunc                  : Finished Asynchronous operation on sound 00000232EAB0B508
[LOG] SoundI::getSubSound                      : sound 00000232EAB0B868.  Subsound index 0 / 1
[LOG] SoundI::getSubSound                      : sound 00000232EAB0B508.  Subsound index 0 / 1
[LOG] SoundI::release                          : laser_boucle_01 (00000232EAB0C288)
[LOG] SoundI::release                          :     laser_boucle_01 (00000232BF1E9E98)
[LOG] SoundI::release                          :     laser_boucle_01 (00000233375DD088)
[LOG] SoundI::release                          : laser_boucle_01 (00000232EAB0BF28)
[LOG] SoundI::release                          :     laser_boucle_01 (00000232BF1E7938)
[LOG] SoundI::release                          :     laser_boucle_01 (00000233375DD8F8)
[LOG] AsyncThread::threadFunc                  : Starting Asynchronous operation on sound 00000232E28AD718
[LOG] AsyncThread::threadFunc                  : Finished Asynchronous operation on sound 00000232E28AD718
[LOG] SoundI::release                          : laser_boucle_01 (00000232EAB0BA18)
[LOG] SoundI::release                          :     laser_boucle_01 (00000232BF1E9B58)
[LOG] SoundI::release                          :     laser_boucle_01 (00000232B65B3AA8)
[LOG] SystemI::createSound                     : filename = ..\FMOD_LD47\FMOD_LD_47\Build\Desktop/Master.bank : mode 02010082
[LOG] SystemI::createSound                     : FMOD_NONBLOCKING specified.  Putting into queue to be opened asynchronously!
[LOG] SystemI::createSound                     : setdata soundi = 00000232EAB0BD78 : node = 00000233359AE790
[LOG] SystemI::createSound                     : add node to async list : head = 00000232BF1EB368.  list count = 0
[LOG] AsyncThread::threadFunc                  : Starting Asynchronous operation on sound 00000232EAB0BD78
[LOG] SystemI::createSoundInternal             :     Create name='..\FMOD_LD47\FMOD_LD_47\Build\Desktop/Master.bank', mode=0x02010082
[LOG] SystemI::createSoundInternal             :     exinfo->cbsize             = 224
[LOG] SystemI::createSoundInternal             :     exinfo->length             = 16394464
[LOG] SystemI::createSoundInternal             :     exinfo->fileoffset         = 56704
[LOG] SystemI::createSoundInternal             :     exinfo->numsubsounds       = 1
[LOG] SystemI::createSoundInternal             :     exinfo->inclusionlist      = 00000233359AE8A0
[LOG] SystemI::createSoundInternal             :     exinfo->inclusionlistnum   = 1
[LOG] SystemI::createSoundInternal             :     exinfo->suggestedsoundtype = 5
[LOG] SystemI::createSoundInternal             :     exinfo->initialseekpostype = 1
[LOG] SystemI::createSoundInternal             :     Stream 0/1: name='laser_boucle_01', format=2, channels=2, frequency=48000, lengthbytes=153760, lengthpcm=672000, pcmblocksize=0, loopstart=0, loopend=0, mode=0x00000000, channelmask=0x00000000, channelorder=0, peakvolume=0.058124.
[LOG] AsyncThread::threadFunc                  : Finished Asynchronous operation on sound 00000232EAB0BD78
[LOG] SoundI::getSubSound                      : sound 00000232EAB0BD78.  Subsound index 0 / 1
[LOG] Manager::readBank                        : fileversion = 125, compatVersion = 119 (oldest = 44, newest = 125)
[LOG] AsyncThread::threadFunc                  : Starting Asynchronous operation on sound 00000232E28AD8C8
[LOG] AsyncThread::threadFunc                  : Finished Asynchronous operation on sound 00000232E28AD8C8
[LOG] SoundI::release                          : laser_boucle_01 (00000232EAB0C0D8)
[LOG] SoundI::release                          :     laser_boucle_01 (00000232BF1E8158)
[LOG] SoundI::release                          :     laser_boucle_01 (00000232E28AD718)
[LOG] SystemI::createSound                     : filename = ..\FMOD_LD47\FMOD_LD_47\Build\Desktop/Master.bank : mode 02010082
[LOG] SystemI::createSound                     : FMOD_NONBLOCKING specified.  Putting into queue to be opened asynchronously!
[LOG] SystemI::createSound                     : setdata soundi = 00000232EAB0BBC8 : node = 00000233359AEC90
[LOG] SystemI::createSound                     : add node to async list : head = 00000232BF1EB368.  list count = 0
[LOG] AsyncThread::threadFunc                  : Starting Asynchronous operation on sound 00000232EAB0BBC8
[LOG] SystemI::createSoundInternal             :     Create name='..\FMOD_LD47\FMOD_LD_47\Build\Desktop/Master.bank', mode=0x02010082
[LOG] SystemI::createSoundInternal             :     exinfo->cbsize             = 224
[LOG] SystemI::createSoundInternal             :     exinfo->length             = 16394464
[LOG] SystemI::createSoundInternal             :     exinfo->fileoffset         = 56704
[LOG] SystemI::createSoundInternal             :     exinfo->numsubsounds       = 1
[LOG] SystemI::createSoundInternal             :     exinfo->inclusionlist      = 00000233359AEDA0
[LOG] SystemI::createSoundInternal             :     exinfo->inclusionlistnum   = 1
[LOG] SystemI::createSoundInternal             :     exinfo->suggestedsoundtype = 5
[LOG] SystemI::createSoundInternal             :     exinfo->initialseekpostype = 1
[LOG] SystemI::createSoundInternal             :     Stream 0/1: name='laser_boucle_01', format=2, channels=2, frequency=48000, lengthbytes=153760, lengthpcm=672000, pcmblocksize=0, loopstart=0, loopend=0, mode=0x00000000, channelmask=0x00000000, channelorder=0, peakvolume=0.058124.
[LOG] AsyncThread::threadFunc                  : Finished Asynchronous operation on sound 00000232EAB0BBC8
[LOG] SoundI::getSubSound                      : sound 00000232EAB0BBC8.  Subsound index 0 / 1
[LOG] AsyncThread::threadFunc                  : Starting Asynchronous operation on sound 00000232B72D90D8
[LOG] AsyncThread::threadFunc                  : Finished Asynchronous operation on sound 00000232B72D90D8
[LOG] SoundI::release                          : laser_boucle_01 (00000232EAB0BD78)
[LOG] SoundI::release                          :     laser_boucle_01 (00000232BF1E7938)
[LOG] SoundI::release                          :     laser_boucle_01 (00000232E28AD8C8)
[LOG] Manager::readBank                        : fileversion = 125, compatVersion = 119 (oldest = 44, newest = 125)
[LOG] SystemI::createSound                     : filename = ..\FMOD_LD47\FMOD_LD_47\Build\Desktop/Master.bank : mode 02010082
[LOG] SystemI::createSound                     : FMOD_NONBLOCKING specified.  Putting into queue to be opened asynchronously!
[LOG] SystemI::createSound                     : setdata soundi = 00000232EAB0BF28 : node = 00000233359AEDD0
[LOG] SystemI::createSound                     : add node to async list : head = 00000232BF1EB368.  list count = 0
[LOG] AsyncThread::threadFunc                  : Starting Asynchronous operation on sound 00000232EAB0BF28
[LOG] SystemI::createSoundInternal             :     Create name='..\FMOD_LD47\FMOD_LD_47\Build\Desktop/Master.bank', mode=0x02010082
[LOG] SystemI::createSoundInternal             :     exinfo->cbsize             = 224
[LOG] SystemI::createSoundInternal             :     exinfo->length             = 16394464
[LOG] SystemI::createSoundInternal             :     exinfo->fileoffset         = 56704
[LOG] SystemI::createSoundInternal             :     exinfo->numsubsounds       = 1
[LOG] SystemI::createSoundInternal             :     exinfo->inclusionlist      = 00000233359AEEE0
[LOG] SystemI::createSoundInternal             :     exinfo->inclusionlistnum   = 1
[LOG] SystemI::createSoundInternal             :     exinfo->suggestedsoundtype = 5
[LOG] SystemI::createSoundInternal             :     exinfo->initialseekpostype = 1
[LOG] SystemI::createSoundInternal             :     Stream 0/1: name='laser_boucle_01', format=2, channels=2, frequency=48000, lengthbytes=153760, lengthpcm=672000, pcmblocksize=0, loopstart=0, loopend=0, mode=0x00000000, channelmask=0x00000000, channelorder=0, peakvolume=0.058124.
[LOG] AsyncThread::threadFunc                  : Finished Asynchronous operation on sound 00000232EAB0BF28
[LOG] SoundI::getSubSound                      : sound 00000232EAB0BF28.  Subsound index 0 / 1
[LOG] SystemI::createSound                     : filename = ..\FMOD_LD47\FMOD_LD_47\Build\Desktop/Master.bank : mode 02010082
[LOG] SystemI::createSound                     : FMOD_NONBLOCKING specified.  Putting into queue to be opened asynchronously!
[LOG] SystemI::createSound                     : setdata soundi = 00000232EAB0BA18 : node = 00000233359AE510
[LOG] SystemI::createSound                     : add node to async list : head = 00000232BF1EB368.  list count = 0
[LOG] AsyncThread::threadFunc                  : Starting Asynchronous operation on sound 00000232EAB0BA18
[LOG] SystemI::createSoundInternal             :     Create name='..\FMOD_LD47\FMOD_LD_47\Build\Desktop/Master.bank', mode=0x02010082
[LOG] SystemI::createSound                     :     filename = ..\FMOD_LD47\FMOD_LD_47\Build\Desktop/Master.bank : mode 02010082
[LOG] SystemI::createSoundInternal             :     exinfo->cbsize             = 224
[LOG] SystemI::createSound                     :     FMOD_NONBLOCKING specified.  Putting into queue to be opened asynchronously!
[LOG] SystemI::createSoundInternal             :     exinfo->length             = 16394464
[LOG] SystemI::createSoundInternal             :     exinfo->fileoffset         = 56704
[LOG] SystemI::createSound                     :     setdata soundi = 00000232EAB0BD78 : node = 00000233359AEF10
[LOG] SystemI::createSoundInternal             :     exinfo->numsubsounds       = 1
[LOG] SystemI::createSound                     :     add node to async list : head = 00000232BF1EB368.  list count = 0
[LOG] SystemI::createSoundInternal             :     exinfo->inclusionlist      = 00000233359AE620
[LOG] SystemI::createSoundInternal             :     exinfo->inclusionlistnum   = 1
[LOG] SystemI::createSoundInternal             :     exinfo->suggestedsoundtype = 5
[LOG] SystemI::createSoundInternal             :     exinfo->initialseekpostype = 1
[LOG] SystemI::createSoundInternal             :     Stream 0/1: name='laser_boucle_01', format=2, channels=2, frequency=48000, lengthbytes=153760, lengthpcm=672000, pcmblocksize=0, loopstart=0, loopend=0, mode=0x00000000, channelmask=0x00000000, channelorder=0, peakvolume=0.058124.
[LOG] AsyncThread::threadFunc                  : Finished Asynchronous operation on sound 00000232EAB0BA18
[LOG] AsyncThread::threadFunc                  : Starting Asynchronous operation on sound 00000232EAB0BD78
[LOG] SystemI::createSoundInternal             :     Create name='..\FMOD_LD47\FMOD_LD_47\Build\Desktop/Master.bank', mode=0x02010082
[LOG] SystemI::createSoundInternal             :     exinfo->cbsize             = 224
[LOG] SystemI::createSoundInternal             :     exinfo->length             = 16394464
[LOG] SystemI::createSoundInternal             :     exinfo->fileoffset         = 56704
[LOG] SystemI::createSoundInternal             :     exinfo->numsubsounds       = 1
[LOG] SystemI::createSoundInternal             :     exinfo->inclusionlist      = 00000233359AF020
[LOG] SystemI::createSoundInternal             :     exinfo->inclusionlistnum   = 1
[LOG] SystemI::createSoundInternal             :     exinfo->suggestedsoundtype = 5
[LOG] SystemI::createSoundInternal             :     exinfo->initialseekpostype = 1
[LOG] SystemI::createSoundInternal             :     Stream 0/1: name='laser_boucle_01', format=2, channels=2, frequency=48000, lengthbytes=153760, lengthpcm=672000, pcmblocksize=0, loopstart=0, loopend=0, mode=0x00000000, channelmask=0x00000000, channelorder=0, peakvolume=0.058124.
[LOG] AsyncThread::threadFunc                  : Finished Asynchronous operation on sound 00000232EAB0BD78
[LOG] SoundI::getSubSound                      : sound 00000232EAB0BA18.  Subsound index 0 / 1
[LOG] SoundI::getSubSound                      : sound 00000232EAB0BD78.  Subsound index 0 / 1
[LOG] AsyncThread::threadFunc                  : Starting Asynchronous operation on sound 00000233346B6C78
[LOG] AsyncThread::threadFunc                  : Finished Asynchronous operation on sound 00000233346B6C78
[LOG] SoundI::release                          : laser_boucle_01 (00000232EAB0BBC8)
[LOG] SoundI::release                          :     laser_boucle_01 (00000232BF1E8158)
[LOG] SoundI::release                          :     laser_boucle_01 (00000232B72D90D8)
[LOG] SoundI::release                          : laser_boucle_01 (00000232EAB0B508)
[LOG] SoundI::release                          :     laser_boucle_01 (00000232BF1E82F8)
[LOG] SoundI::release                          :     laser_boucle_01 (00000233375DDE08)
[LOG] SoundI::release                          : laser_boucle_01 (00000232EAB0B868)
[LOG] SoundI::release                          :     laser_boucle_01 (00000232BF1ECA78)
[LOG] SoundI::release                          :     laser_boucle_01 (00000233375DD238)
[LOG] Manager::readBank                        : fileversion = 125, compatVersion = 119 (oldest = 44, newest = 125)
[LOG] SystemI::createSound                     : filename = ..\FMOD_LD47\FMOD_LD_47\Build\Desktop/Master.bank : mode 02010082
[LOG] SystemI::createSound                     : FMOD_NONBLOCKING specified.  Putting into queue to be opened asynchronously!
[LOG] SystemI::createSound                     : setdata soundi = 00000232EAB0C0D8 : node = 00000233359AF050
[LOG] SystemI::createSound                     : add node to async list : head = 00000232BF1EB368.  list count = 0
[LOG] AsyncThread::threadFunc                  : Starting Asynchronous operation on sound 00000232EAB0C0D8
[LOG] SystemI::createSoundInternal             :     Create name='..\FMOD_LD47\FMOD_LD_47\Build\Desktop/Master.bank', mode=0x02010082
[LOG] SystemI::createSoundInternal             :     exinfo->cbsize             = 224
[LOG] SystemI::createSoundInternal             :     exinfo->length             = 16394464
[LOG] SystemI::createSoundInternal             :     exinfo->fileoffset         = 56704
[LOG] SystemI::createSoundInternal             :     exinfo->numsubsounds       = 1
[LOG] SystemI::createSoundInternal             :     exinfo->inclusionlist      = 00000233359AF160
[LOG] SystemI::createSoundInternal             :     exinfo->inclusionlistnum   = 1
[LOG] SystemI::createSoundInternal             :     exinfo->suggestedsoundtype = 5
[LOG] SystemI::createSoundInternal             :     exinfo->initialseekpostype = 1
[LOG] SystemI::createSoundInternal             :     Stream 0/1: name='laser_boucle_01', format=2, channels=2, frequency=48000, lengthbytes=153760, lengthpcm=672000, pcmblocksize=0, loopstart=0, loopend=0, mode=0x00000000, channelmask=0x00000000, channelorder=0, peakvolume=0.058124.
[LOG] AsyncThread::threadFunc                  : Finished Asynchronous operation on sound 00000232EAB0C0D8
[LOG] SoundI::getSubSound                      : sound 00000232EAB0C0D8.  Subsound index 0 / 1
[LOG] AsyncThread::threadFunc                  : Starting Asynchronous operation on sound 00000233375DDC58
[LOG] AsyncThread::threadFunc                  : Finished Asynchronous operation on sound 00000233375DDC58
[LOG] SoundI::release                          : laser_boucle_01 (00000232EAB0BF28)
[LOG] SoundI::release                          :     laser_boucle_01 (00000232BF1EBBD8)
[LOG] SoundI::release                          :     laser_boucle_01 (00000233346B6C78)
[LOG] Manager::readBank                        : fileversion = 125, compatVersion = 119 (oldest = 44, newest = 125)
[LOG] SystemI::createSound                     : filename = ..\FMOD_LD47\FMOD_LD_47\Build\Desktop/Master.bank : mode 02010082
[LOG] SystemI::createSound                     : FMOD_NONBLOCKING specified.  Putting into queue to be opened asynchronously!
[LOG] SystemI::createSound                     : setdata soundi = 00000232EAB0C288 : node = 00000233359AF190
[LOG] SystemI::createSound                     : add node to async list : head = 00000232BF1EB368.  list count = 0
[LOG] AsyncThread::threadFunc                  : Starting Asynchronous operation on sound 00000232EAB0C288
[LOG] SystemI::createSoundInternal             :     Create name='..\FMOD_LD47\FMOD_LD_47\Build\Desktop/Master.bank', mode=0x02010082
[LOG] SystemI::createSoundInternal             :     exinfo->cbsize             = 224
[LOG] SystemI::createSoundInternal             :     exinfo->length             = 16394464
[LOG] SystemI::createSoundInternal             :     exinfo->fileoffset         = 56704
[LOG] SystemI::createSoundInternal             :     exinfo->numsubsounds       = 1
[LOG] SystemI::createSoundInternal             :     exinfo->inclusionlist      = 00000233359AF2A0
[LOG] SystemI::createSoundInternal             :     exinfo->inclusionlistnum   = 1
[LOG] SystemI::createSoundInternal             :     exinfo->suggestedsoundtype = 5
[LOG] SystemI::createSoundInternal             :     exinfo->initialseekpostype = 1
[LOG] SystemI::createSoundInternal             :     Stream 0/1: name='laser_boucle_01', format=2, channels=2, frequency=48000, lengthbytes=153760, lengthpcm=672000, pcmblocksize=0, loopstart=0, loopend=0, mode=0x00000000, channelmask=0x00000000, channelorder=0, peakvolume=0.058124.
[LOG] AsyncThread::threadFunc                  : Finished Asynchronous operation on sound 00000232EAB0C288
[LOG] SoundI::getSubSound                      : sound 00000232EAB0C288.  Subsound index 0 / 1
[LOG] AsyncThread::threadFunc                  : Starting Asynchronous operation on sound 00000232B72D9798
[LOG] AsyncThread::threadFunc                  : Finished Asynchronous operation on sound 00000232B72D9798
[LOG] SoundI::release                          : laser_boucle_01 (00000232EAB0C0D8)
[LOG] SoundI::release                          :     laser_boucle_01 (00000232BF1E7938)
[LOG] SoundI::release                          :     laser_boucle_01 (00000233375DDC58)
[LOG] Manager::readBank                        : fileversion = 125, compatVersion = 119 (oldest = 44, newest = 125)
[LOG] SystemI::createSound                     : filename = ..\FMOD_LD47\FMOD_LD_47\Build\Desktop/Master.bank : mode 02010082
[LOG] SystemI::createSound                     : FMOD_NONBLOCKING specified.  Putting into queue to be opened asynchronously!
[LOG] SystemI::createSound                     : setdata soundi = 00000232EAB0BBC8 : node = 00000233359AE650
[LOG] SystemI::createSound                     : add node to async list : head = 00000232BF1EB368.  list count = 0
[LOG] AsyncThread::threadFunc                  : Starting Asynchronous operation on sound 00000232EAB0BBC8
[LOG] SystemI::createSoundInternal             :     Create name='..\FMOD_LD47\FMOD_LD_47\Build\Desktop/Master.bank', mode=0x02010082
[LOG] SystemI::createSoundInternal             :     exinfo->cbsize             = 224
[LOG] SystemI::createSoundInternal             :     exinfo->length             = 16394464
[LOG] SystemI::createSoundInternal             :     exinfo->fileoffset         = 56704
[LOG] SystemI::createSoundInternal             :     exinfo->numsubsounds       = 1
[LOG] SystemI::createSoundInternal             :     exinfo->inclusionlist      = 00000233359AE760
[LOG] SystemI::createSoundInternal             :     exinfo->inclusionlistnum   = 1
[LOG] SystemI::createSoundInternal             :     exinfo->suggestedsoundtype = 5
[LOG] SystemI::createSoundInternal             :     exinfo->initialseekpostype = 1
[LOG] SystemI::createSoundInternal             :     Stream 0/1: name='laser_boucle_01', format=2, channels=2, frequency=48000, lengthbytes=153760, lengthpcm=672000, pcmblocksize=0, loopstart=0, loopend=0, mode=0x00000000, channelmask=0x00000000, channelorder=0, peakvolume=0.058124.
[LOG] AsyncThread::threadFunc                  : Finished Asynchronous operation on sound 00000232EAB0BBC8
[LOG] SoundI::getSubSound                      : sound 00000232EAB0BBC8.  Subsound index 0 / 1
[LOG] AsyncThread::threadFunc                  : Starting Asynchronous operation on sound 00000232EAB0C0D8
[LOG] AsyncThread::threadFunc                  : Finished Asynchronous operation on sound 00000232EAB0C0D8
[LOG] SoundI::release                          : laser_boucle_01 (00000232EAB0C288)
[LOG] SoundI::release                          :     laser_boucle_01 (00000232BF1E8158)
[LOG] SoundI::release                          :     laser_boucle_01 (00000232B72D9798)
[LOG] SystemI::createSound                     : filename = ..\FMOD_LD47\FMOD_LD_47\Build\Desktop/Master.bank : mode 02010082
[LOG] SystemI::createSound                     : FMOD_NONBLOCKING specified.  Putting into queue to be opened asynchronously!
[LOG] SystemI::createSound                     : setdata soundi = 00000232B72D9CA8 : node = 0000023257D445A0
[LOG] SystemI::createSound                     : add node to async list : head = 00000232BF1EB368.  list count = 0
[LOG] AsyncThread::threadFunc                  : Starting Asynchronous operation on sound 00000232B72D9CA8
[LOG] SystemI::createSound                     :     filename = ..\FMOD_LD47\FMOD_LD_47\Build\Desktop/Master.bank : mode 02010082
[LOG] SystemI::createSoundInternal             :     Create name='..\FMOD_LD47\FMOD_LD_47\Build\Desktop/Master.bank', mode=0x02010082
[LOG] SystemI::createSound                     :     FMOD_NONBLOCKING specified.  Putting into queue to be opened asynchronously!
[LOG] SystemI::createSoundInternal             :     exinfo->cbsize             = 224
[LOG] SystemI::createSound                     :     setdata soundi = 00000232B72D9288 : node = 0000023257D441E0
[LOG] SystemI::createSoundInternal             :     exinfo->length             = 16394464
[LOG] SystemI::createSound                     :     add node to async list : head = 00000232BF1EB368.  list count = 0
[LOG] SystemI::createSoundInternal             :     exinfo->fileoffset         = 56704
[LOG] SystemI::createSoundInternal             :     exinfo->numsubsounds       = 1
[LOG] SystemI::createSoundInternal             :     exinfo->inclusionlist      = 0000023257D446B0
[LOG] SystemI::createSoundInternal             :     exinfo->inclusionlistnum   = 1
[LOG] SystemI::createSoundInternal             :     exinfo->suggestedsoundtype = 5
[LOG] SystemI::createSoundInternal             :     exinfo->initialseekpostype = 1
[LOG] SystemI::createSoundInternal             :     Stream 0/1: name='laser_boucle_01', format=2, channels=2, frequency=48000, lengthbytes=153760, lengthpcm=672000, pcmblocksize=0, loopstart=0, loopend=0, mode=0x00000000, channelmask=0x00000000, channelorder=0, peakvolume=0.058124.
[LOG] AsyncThread::threadFunc                  : Finished Asynchronous operation on sound 00000232B72D9CA8
[LOG] AsyncThread::threadFunc                  : Starting Asynchronous operation on sound 00000232B72D9288
[LOG] SystemI::createSoundInternal             :     Create name='..\FMOD_LD47\FMOD_LD_47\Build\Desktop/Master.bank', mode=0x02010082
[LOG] SystemI::createSoundInternal             :     exinfo->cbsize             = 224
[LOG] SystemI::createSoundInternal             :     exinfo->length             = 16394464
[LOG] SystemI::createSoundInternal             :     exinfo->fileoffset         = 56704
[LOG] SystemI::createSoundInternal             :     exinfo->numsubsounds       = 1
[LOG] SystemI::createSoundInternal             :     exinfo->inclusionlist      = 0000023257D442F0
[LOG] SystemI::createSoundInternal             :     exinfo->inclusionlistnum   = 1
[LOG] SystemI::createSoundInternal             :     exinfo->suggestedsoundtype = 5
[LOG] SystemI::createSoundInternal             :     exinfo->initialseekpostype = 1
[LOG] SystemI::createSoundInternal             :     Stream 0/1: name='laser_boucle_01', format=2, channels=2, frequency=48000, lengthbytes=153760, lengthpcm=672000, pcmblocksize=0, loopstart=0, loopend=0, mode=0x00000000, channelmask=0x00000000, channelorder=0, peakvolume=0.058124.
[LOG] AsyncThread::threadFunc                  : Finished Asynchronous operation on sound 00000232B72D9288
[LOG] SoundI::getSubSound                      : sound 00000232B72D9CA8.  Subsound index 0 / 1
[LOG] SoundI::getSubSound                      : sound 00000232B72D9288.  Subsound index 0 / 1
[LOG] SoundI::release                          : laser_boucle_01 (00000232EAB0BD78)
[LOG] SoundI::release                          :     laser_boucle_01 (00000232BF1E9B58)
[LOG] SoundI::release                          :     laser_boucle_01 (00000233346B6768)
[LOG] SoundI::release                          : laser_boucle_01 (00000232EAB0BA18)
[LOG] SoundI::release                          :     laser_boucle_01 (00000232BF1E99B8)
[LOG] SoundI::release                          :     laser_boucle_01 (00000233346B6918)
[LOG] SoundI::release                          : laser_boucle_01 (00000232B72D9288)
[LOG] SoundI::release                          :     laser_boucle_01 (00000232BF1EBBD8)
[LOG] SoundI::release                          :     laser_boucle_01 (00000232EAB0C288)
[LOG] SoundI::release                          : laser_boucle_01 (00000232B72D9CA8)
[LOG] SoundI::release                          :     laser_boucle_01 (00000232BF1E8158)
[LOG] SoundI::release                          :     laser_boucle_01 (00000232EAB0BF28)
[LOG] SoundI::release                          : laser_boucle_01 (00000232EAB0BBC8)
[LOG] SoundI::release                          :     laser_boucle_01 (00000232BF1E82F8)
[LOG] SoundI::release                          :     laser_boucle_01 (00000232EAB0C0D8)
[LOG] SoundI::release                          :  (00000233341C8238)
[LOG] SoundI::release                          :     Levier_Actionner (00000232BF1E94D8)
[LOG] SoundI::release                          :  (00000232EA9368D8)
[LOG] SoundI::release                          :     Explosion_Tourelle (00000232BF1E6418)
[LOG] SoundI::release                          :  (00000233341C4FE8)
[LOG] SoundI::release                          :     Broyeur_Loupe (00000232BF1E7FB8)
[LOG] Thread::callback                         : FMOD Studio update thread finished.
[LOG] Thread::callback                         : FMOD Studio bank load thread finished.
[LOG] Profile::disconnectAll                   : Profiler disconnecting all clients
[LOG] Thread::callback                         : FMOD Studio sample load thread finished.
[LOG] LiveUpdate::release                      : 
[LOG] LiveUpdate::reset                        : Reset connection (reason Disconnected)
[LOG] Thread::callback                         : FMOD stream thread finished.
[LOG] Thread::callback                         : FMOD mixer thread finished.
[LOG] Profile::disconnectAll                   : Profiler disconnecting all clients
[LOG] SystemI::close                           : Closed.
[LOG] Manager::readBank                        : fileversion = 125, compatVersion = 119 (oldest = 44, newest = 125)
[LOG] Manager::readBank                        : fileversion = 125, compatVersion = 119 (oldest = 44, newest = 125)
[LOG] Manager::readBank                        : fileversion = 125, compatVersion = 119 (oldest = 44, newest = 125)
[LOG] Manager::readBank                        : fileversion = 125, compatVersion = 119 (oldest = 44, newest = 125)
[LOG] Manager::readBank                        : fileversion = 125, compatVersion = 119 (oldest = 44, newest = 125)
[LOG] Manager::readBank                        : fileversion = 125, compatVersion = 119 (oldest = 44, newest = 125)
[LOG] PlaybackSystem::acquireMasterBus         : Setting master channel group format to 6
[LOG] Thread::callback                         : FMOD Studio bank load thread finished.
[LOG] Thread::callback                         : FMOD Studio sample load thread finished.
[LOG] LiveUpdate::release                      : 
[LOG] LiveUpdate::reset                        : Reset connection (reason Disconnected)
[LOG] Thread::callback                         : FMOD stream thread finished.
[LOG] Thread::callback                         : FMOD mixer thread finished.
[LOG] Thread::callback                         : FMOD nonblocking thread (0) finished.
[LOG] Thread::callback                         : FMOD file thread finished.
[LOG] SystemI::close                           : Closed.
